Determining if the pthread_create exist failed with the following output:
Change Dir: /home/ionz/Documents/udacity_robot_engineer/catkin_ws/src/ball_chaser/build/CMakeFiles/CMakeTmp

Run Build Command:"/usr/bin/make" "cmTC_9edbf/fast"
/usr/bin/make -f CMakeFiles/cmTC_9edbf.dir/build.make CMakeFiles/cmTC_9edbf.dir/build
make[1]: Entering directory '/home/ionz/Documents/udacity_robot_engineer/catkin_ws/src/ball_chaser/build/CMakeFiles/CMakeTmp'
Building C object CMakeFiles/cmTC_9edbf.dir/CheckSymbolExists.c.o
/usr/bin/cc    -o CMakeFiles/cmTC_9edbf.dir/CheckSymbolExists.c.o   -c /home/ionz/Documents/udacity_robot_engineer/catkin_ws/src/ball_chaser/build/CMakeFiles/CMakeTmp/CheckSymbolExists.c
Linking C executable cmTC_9edbf
/usr/bin/cmake -E cmake_link_script CMakeFiles/cmTC_9edbf.dir/link.txt --verbose=1
/usr/bin/cc      -rdynamic CMakeFiles/cmTC_9edbf.dir/CheckSymbolExists.c.o  -o cmTC_9edbf 
CMakeFiles/cmTC_9edbf.dir/CheckSymbolExists.c.o: In function `main':
CheckSymbolExists.c:(.text+0x1b): undefined reference to `pthread_create'
collect2: error: ld returned 1 exit status
CMakeFiles/cmTC_9edbf.dir/build.make:97: recipe for target 'cmTC_9edbf' failed
make[1]: *** [cmTC_9edbf] Error 1
make[1]: Leaving directory '/home/ionz/Documents/udacity_robot_engineer/catkin_ws/src/ball_chaser/build/CMakeFiles/CMakeTmp'
Makefile:126: recipe for target 'cmTC_9edbf/fast' failed
make: *** [cmTC_9edbf/fast] Error 2

File /home/ionz/Documents/udacity_robot_engineer/catkin_ws/src/ball_chaser/build/CMakeFiles/CMakeTmp/CheckSymbolExists.c:
/* */
#include <pthread.h>

int main(int argc, char** argv)
{
  (void)argv;
#ifndef pthread_create
  return ((int*)(&pthread_create))[argc];
#else
  (void)argc;
  return 0;
#endif
}

Determining if the function pthread_create exists in the pthreads failed with the following output:
Change Dir: /home/ionz/Documents/udacity_robot_engineer/catkin_ws/src/ball_chaser/build/CMakeFiles/CMakeTmp

Run Build Command:"/usr/bin/make" "cmTC_27fd6/fast"
/usr/bin/make -f CMakeFiles/cmTC_27fd6.dir/build.make CMakeFiles/cmTC_27fd6.dir/build
make[1]: Entering directory '/home/ionz/Documents/udacity_robot_engineer/catkin_ws/src/ball_chaser/build/CMakeFiles/CMakeTmp'
Building C object CMakeFiles/cmTC_27fd6.dir/CheckFunctionExists.c.o
/usr/bin/cc   -DCHECK_FUNCTION_EXISTS=pthread_create   -o CMakeFiles/cmTC_27fd6.dir/CheckFunctionExists.c.o   -c /usr/share/cmake-3.10/Modules/CheckFunctionExists.c
Linking C executable cmTC_27fd6
/usr/bin/cmake -E cmake_link_script CMakeFiles/cmTC_27fd6.dir/link.txt --verbose=1
/usr/bin/cc  -DCHECK_FUNCTION_EXISTS=pthread_create    -rdynamic CMakeFiles/cmTC_27fd6.dir/CheckFunctionExists.c.o  -o cmTC_27fd6 -lpthreads 
/usr/bin/ld: cannot find -lpthreads
collect2: error: ld returned 1 exit status
CMakeFiles/cmTC_27fd6.dir/build.make:97: recipe for target 'cmTC_27fd6' failed
make[1]: *** [cmTC_27fd6] Error 1
make[1]: Leaving directory '/home/ionz/Documents/udacity_robot_engineer/catkin_ws/src/ball_chaser/build/CMakeFiles/CMakeTmp'
Makefile:126: recipe for target 'cmTC_27fd6/fast' failed
make: *** [cmTC_27fd6/fast] Error 2


